Determining if the pthread_create exist failed with the following output:
Change Dir: /home/x0221391/ws_arm/build_isolated/avp_streamcam/CMakeFiles/CMakeTmp

Run Build Command:/usr/bin/gmake "cmTryCompileExec4159429650/fast"
/usr/bin/gmake -f CMakeFiles/cmTryCompileExec4159429650.dir/build.make CMakeFiles/cmTryCompileExec4159429650.dir/build
gmake[1]: Entering directory `/home/x0221391/ws_arm/build_isolated/avp_streamcam/CMakeFiles/CMakeTmp'
/usr/bin/cmake -E cmake_progress_report /home/x0221391/ws_arm/build_isolated/avp_streamcam/CMakeFiles/CMakeTmp/CMakeFiles 1
Building C object CMakeFiles/cmTryCompileExec4159429650.dir/CheckSymbolExists.c.o
/usr/bin/arm-linux-gnueabihf-gcc-4.6    -o CMakeFiles/cmTryCompileExec4159429650.dir/CheckSymbolExists.c.o   -c /home/x0221391/ws_arm/build_isolated/avp_streamcam/CMakeFiles/CMakeTmp/CheckSymbolExists.c
Linking C executable cmTryCompileExec4159429650
/usr/bin/cmake -E cmake_link_script CMakeFiles/cmTryCompileExec4159429650.dir/link.txt --verbose=1
/usr/bin/arm-linux-gnueabihf-gcc-4.6         CMakeFiles/cmTryCompileExec4159429650.dir/CheckSymbolExists.c.o  -o cmTryCompileExec4159429650 -rdynamic 
CMakeFiles/cmTryCompileExec4159429650.dir/CheckSymbolExists.c.o: In function `main':
CheckSymbolExists.c:(.text+0x10): undefined reference to `pthread_create'
CheckSymbolExists.c:(.text+0x14): undefined reference to `pthread_create'
collect2: ld returned 1 exit status
gmake[1]: *** [cmTryCompileExec4159429650] Error 1
gmake[1]: Leaving directory `/home/x0221391/ws_arm/build_isolated/avp_streamcam/CMakeFiles/CMakeTmp'
gmake: *** [cmTryCompileExec4159429650/fast] Error 2

File /home/x0221391/ws_arm/build_isolated/avp_streamcam/CMakeFiles/CMakeTmp/CheckSymbolExists.c:
/* */
#include <pthread.h>

int main(int argc, char** argv)
{
  (void)argv;
#ifndef pthread_create
  return ((int*)(&pthread_create))[argc];
#else
  (void)argc;
  return 0;
#endif
}

Determining if the function pthread_create exists in the pthreads failed with the following output:
Change Dir: /home/x0221391/ws_arm/build_isolated/avp_streamcam/CMakeFiles/CMakeTmp

Run Build Command:/usr/bin/gmake "cmTryCompileExec3792466886/fast"
/usr/bin/gmake -f CMakeFiles/cmTryCompileExec3792466886.dir/build.make CMakeFiles/cmTryCompileExec3792466886.dir/build
gmake[1]: Entering directory `/home/x0221391/ws_arm/build_isolated/avp_streamcam/CMakeFiles/CMakeTmp'
/usr/bin/cmake -E cmake_progress_report /home/x0221391/ws_arm/build_isolated/avp_streamcam/CMakeFiles/CMakeTmp/CMakeFiles 1
Building C object CMakeFiles/cmTryCompileExec3792466886.dir/CheckFunctionExists.c.o
/usr/bin/arm-linux-gnueabihf-gcc-4.6   -DCHECK_FUNCTION_EXISTS=pthread_create   -o CMakeFiles/cmTryCompileExec3792466886.dir/CheckFunctionExists.c.o   -c /usr/share/cmake-2.8/Modules/CheckFunctionExists.c
Linking C executable cmTryCompileExec3792466886
/usr/bin/cmake -E cmake_link_script CMakeFiles/cmTryCompileExec3792466886.dir/link.txt --verbose=1
/usr/bin/arm-linux-gnueabihf-gcc-4.6     -DCHECK_FUNCTION_EXISTS=pthread_create    CMakeFiles/cmTryCompileExec3792466886.dir/CheckFunctionExists.c.o  -o cmTryCompileExec3792466886 -rdynamic -lpthreads 
/usr/lib/gcc/arm-linux-gnueabihf/4.6/../../../../arm-linux-gnueabihf/bin/ld: cannot find -lpthreads
collect2: ld returned 1 exit status
gmake[1]: *** [cmTryCompileExec3792466886] Error 1
gmake[1]: Leaving directory `/home/x0221391/ws_arm/build_isolated/avp_streamcam/CMakeFiles/CMakeTmp'
gmake: *** [cmTryCompileExec3792466886/fast] Error 2


